<?xml version="1.0" encoding="UTF-8"?>
<testsuite xmlns:xsi="http://www.w3.org/2001/XMLSchema-instance" xsi:noNamespaceSchemaLocation="https://maven.apache.org/surefire/maven-surefire-plugin/xsd/surefire-test-report-3.0.xsd" version="3.0" name="com.vinot.somativa1.application.MainMenuTest" time="1.877" tests="9" errors="0" skipped="0" failures="0">
  <properties>
    <property name="java.specification.version" value="23"/>
    <property name="sun.cpu.isalist" value="amd64"/>
    <property name="sun.jnu.encoding" value="Cp1252"/>
    <property name="java.class.path" value="C:\Users\vbarb_ihzzadu\IdeaProjects\Somativa1\target\test-classes;C:\Users\vbarb_ihzzadu\IdeaProjects\Somativa1\target\classes;C:\Users\vbarb_ihzzadu\.m2\repository\com\fasterxml\jackson\core\jackson-databind\2.15.0\jackson-databind-2.15.0.jar;C:\Users\vbarb_ihzzadu\.m2\repository\com\fasterxml\jackson\core\jackson-annotations\2.15.0\jackson-annotations-2.15.0.jar;C:\Users\vbarb_ihzzadu\.m2\repository\com\fasterxml\jackson\core\jackson-core\2.15.0\jackson-core-2.15.0.jar;C:\Users\vbarb_ihzzadu\.m2\repository\org\junit\jupiter\junit-jupiter-api\5.11.0\junit-jupiter-api-5.11.0.jar;C:\Users\vbarb_ihzzadu\.m2\repository\org\opentest4j\opentest4j\1.3.0\opentest4j-1.3.0.jar;C:\Users\vbarb_ihzzadu\.m2\repository\org\junit\platform\junit-platform-commons\1.11.0\junit-platform-commons-1.11.0.jar;C:\Users\vbarb_ihzzadu\.m2\repository\org\apiguardian\apiguardian-api\1.1.2\apiguardian-api-1.1.2.jar;C:\Users\vbarb_ihzzadu\.m2\repository\org\junit\jupiter\junit-jupiter-params\5.11.0\junit-jupiter-params-5.11.0.jar;C:\Users\vbarb_ihzzadu\.m2\repository\org\junit\jupiter\junit-jupiter-engine\5.11.0\junit-jupiter-engine-5.11.0.jar;C:\Users\vbarb_ihzzadu\.m2\repository\org\junit\platform\junit-platform-engine\1.11.0\junit-platform-engine-1.11.0.jar;"/>
    <property name="java.vm.vendor" value="Eclipse Adoptium"/>
    <property name="sun.arch.data.model" value="64"/>
    <property name="user.variant" value=""/>
    <property name="java.vendor.url" value="https://adoptium.net/"/>
    <property name="user.timezone" value="America/Sao_Paulo"/>
    <property name="os.name" value="Windows 11"/>
    <property name="java.vm.specification.version" value="23"/>
    <property name="sun.java.launcher" value="SUN_STANDARD"/>
    <property name="user.country" value="BR"/>
    <property name="sun.boot.library.path" value="C:\Users\vbarb_ihzzadu\scoop\apps\temurin23-jdk\current\bin"/>
    <property name="sun.java.command" value="C:\Users\vbarb_ihzzadu\AppData\Local\Temp\surefire7937915043521474673\surefirebooter-20250409024855990_3.jar C:\Users\vbarb_ihzzadu\AppData\Local\Temp\surefire7937915043521474673 2025-04-09T02-48-55_708-jvmRun1 surefire-20250409024855990_1tmp surefire_0-20250409024855990_2tmp"/>
    <property name="jdk.debug" value="release"/>
    <property name="surefire.test.class.path" value="C:\Users\vbarb_ihzzadu\IdeaProjects\Somativa1\target\test-classes;C:\Users\vbarb_ihzzadu\IdeaProjects\Somativa1\target\classes;C:\Users\vbarb_ihzzadu\.m2\repository\com\fasterxml\jackson\core\jackson-databind\2.15.0\jackson-databind-2.15.0.jar;C:\Users\vbarb_ihzzadu\.m2\repository\com\fasterxml\jackson\core\jackson-annotations\2.15.0\jackson-annotations-2.15.0.jar;C:\Users\vbarb_ihzzadu\.m2\repository\com\fasterxml\jackson\core\jackson-core\2.15.0\jackson-core-2.15.0.jar;C:\Users\vbarb_ihzzadu\.m2\repository\org\junit\jupiter\junit-jupiter-api\5.11.0\junit-jupiter-api-5.11.0.jar;C:\Users\vbarb_ihzzadu\.m2\repository\org\opentest4j\opentest4j\1.3.0\opentest4j-1.3.0.jar;C:\Users\vbarb_ihzzadu\.m2\repository\org\junit\platform\junit-platform-commons\1.11.0\junit-platform-commons-1.11.0.jar;C:\Users\vbarb_ihzzadu\.m2\repository\org\apiguardian\apiguardian-api\1.1.2\apiguardian-api-1.1.2.jar;C:\Users\vbarb_ihzzadu\.m2\repository\org\junit\jupiter\junit-jupiter-params\5.11.0\junit-jupiter-params-5.11.0.jar;C:\Users\vbarb_ihzzadu\.m2\repository\org\junit\jupiter\junit-jupiter-engine\5.11.0\junit-jupiter-engine-5.11.0.jar;C:\Users\vbarb_ihzzadu\.m2\repository\org\junit\platform\junit-platform-engine\1.11.0\junit-platform-engine-1.11.0.jar;"/>
    <property name="sun.cpu.endian" value="little"/>
    <property name="user.home" value="C:\Users\vbarb_ihzzadu"/>
    <property name="user.language" value="pt"/>
    <property name="java.specification.vendor" value="Oracle Corporation"/>
    <property name="java.version.date" value="2025-01-21"/>
    <property name="java.home" value="C:\Users\vbarb_ihzzadu\scoop\apps\temurin23-jdk\current"/>
    <property name="file.separator" value="\"/>
    <property name="basedir" value="C:\Users\vbarb_ihzzadu\IdeaProjects\Somativa1"/>
    <property name="java.vm.compressedOopsMode" value="Zero based"/>
    <property name="line.separator" value="&#10;"/>
    <property name="java.vm.specification.vendor" value="Oracle Corporation"/>
    <property name="java.specification.name" value="Java Platform API Specification"/>
    <property name="surefire.real.class.path" value="C:\Users\vbarb_ihzzadu\AppData\Local\Temp\surefire7937915043521474673\surefirebooter-20250409024855990_3.jar"/>
    <property name="user.script" value=""/>
    <property name="sun.management.compiler" value="HotSpot 64-Bit Tiered Compilers"/>
    <property name="java.runtime.version" value="23.0.2+7"/>
    <property name="user.name" value="vbarb_ihzzadu"/>
    <property name="stdout.encoding" value="Cp1252"/>
    <property name="path.separator" value=";"/>
    <property name="os.version" value="10.0"/>
    <property name="java.runtime.name" value="OpenJDK Runtime Environment"/>
    <property name="file.encoding" value="UTF-8"/>
    <property name="java.vm.name" value="OpenJDK 64-Bit Server VM"/>
    <property name="java.vendor.version" value="Temurin-23.0.2+7"/>
    <property name="localRepository" value="C:\Users\vbarb_ihzzadu\.m2\repository"/>
    <property name="java.vendor.url.bug" value="https://github.com/adoptium/adoptium-support/issues"/>
    <property name="java.io.tmpdir" value="C:\Users\VBARB_~1\AppData\Local\Temp\"/>
    <property name="java.version" value="23.0.2"/>
    <property name="user.dir" value="C:\Users\vbarb_ihzzadu\IdeaProjects\Somativa1"/>
    <property name="os.arch" value="amd64"/>
    <property name="java.vm.specification.name" value="Java Virtual Machine Specification"/>
    <property name="sun.os.patch.level" value=""/>
    <property name="native.encoding" value="Cp1252"/>
    <property name="java.library.path" value="C:\Users\vbarb_ihzzadu\scoop\apps\temurin23-jdk\current\bin;C:\WINDOWS\Sun\Java\bin;C:\WINDOWS\system32;C:\WINDOWS;C:\Program Files (x86)\NVIDIA Corporation\PhysX\Common;C:\Program Files\Common Files\Oracle\Java\javapath;C:\Program Files (x86)\Common Files\Oracle\Java\java8path;C:\Program Files (x86)\Common Files\Oracle\Java\javapath;C:\WINDOWS\system32;C:\WINDOWS;C:\WINDOWS\System32\Wbem;C:\WINDOWS\System32\WindowsPowerShell\v1.0\;C:\WINDOWS\System32\OpenSSH\;C:\Program Files\PuTTY\;C:\Program Files\dotnet\;C:\Program Files (x86)\Windows Kits\10\Windows Performance Toolkit\;C:\Program Files\CMake\bin;C:\Program Files\MATLAB\R2024b\bin;C:\Program Files\Git\cmd;C:\Program Files (x86)\Windows Kits\8.1\Windows Performance Toolkit\;C:\Users\vbarb_ihzzadu\scoop\apps\temurin23-jdk\current\bin;C:\Users\vbarb_ihzzadu\scoop\apps\temurin17-jdk\current\bin;C:\Users\vbarb_ihzzadu\scoop\apps\miktex\current\texmfs\install\miktex\bin\x64;C:\Users\vbarb_ihzzadu\scoop\apps\maven\current\bin;C:\Users\vbarb_ihzzadu\scoop\shims;C:\Users\vbarb_ihzzadu\AppData\Local\Programs\Python\Python313\Scripts\;C:\Users\vbarb_ihzzadu\AppData\Local\Programs\Python\Python313\;C:\Users\vbarb_ihzzadu\AppData\Local\Microsoft\WindowsApps;C:\Users\vbarb_ihzzadu\AppData\Local\Programs\Microsoft VS Code\bin;C:\Users\vbarb_ihzzadu\AppData\Local\GitHubDesktop\bin;C:\Program Files\JetBrains\IntelliJ IDEA Community Edition 2024.3.5\bin;;."/>
    <property name="java.vm.info" value="mixed mode, sharing"/>
    <property name="stderr.encoding" value="Cp1252"/>
    <property name="java.vendor" value="Eclipse Adoptium"/>
    <property name="java.vm.version" value="23.0.2+7"/>
    <property name="sun.io.unicode.encoding" value="UnicodeLittle"/>
    <property name="java.class.version" value="67.0"/>
  </properties>
  <testcase name="testAddUserAndExit" classname="com.vinot.somativa1.application.MainMenuTest" time="0.724"/>
  <testcase name="testListBooksAndExit" classname="com.vinot.somativa1.application.MainMenuTest" time="0.145"/>
  <testcase name="testAddBookAndExit" classname="com.vinot.somativa1.application.MainMenuTest" time="0.099"/>
  <testcase name="testSearchBookAndExit" classname="com.vinot.somativa1.application.MainMenuTest" time="0.109"/>
  <testcase name="testViewWaitlistAndExit" classname="com.vinot.somativa1.application.MainMenuTest" time="0.238"/>
  <testcase name="testListUsersAndExit" classname="com.vinot.somativa1.application.MainMenuTest" time="0.154"/>
  <testcase name="testInventoryViewAndExit" classname="com.vinot.somativa1.application.MainMenuTest" time="0.08"/>
  <testcase name="testViewUserHistoryAndExit" classname="com.vinot.somativa1.application.MainMenuTest" time="0.11"/>
  <testcase name="testAddUserToWaitlistAndExit" classname="com.vinot.somativa1.application.MainMenuTest" time="0.158"/>
</testsuite>